<?xml version="1.0" encoding="UTF-8"?>
<!-- Generated by org.testng.reporters.JUnitReportReporter -->
<testsuite hostname="DESKTOP-ESTB7O7" failures="0" tests="1" name="com.playersRepo.securecalls.firstTest" time="3.389" errors="0" timestamp="2024-01-07T03:13:48 IST" skipped="0">
  <testcase classname="com.playersRepo.securecalls.firstTest" name="test1" time="3.389"/>
  <system-out/>
</testsuite> <!-- com.playersRepo.securecalls.firstTest -->
