<?xml version="1.0" encoding="UTF-8"?>
<!-- Generated by org.testng.reporters.JUnitReportReporter -->
<testsuite hostname="DESKTOP-ESTB7O7" failures="0" tests="1" name="com.playersRepo.securecalls.FakedRestAPI" time="3.423" errors="0" timestamp="2024-01-12T04:56:13 IST" skipped="0">
  <testcase classname="com.playersRepo.securecalls.FakedRestAPI" name="getPlayers" time="3.423"/>
  <system-out/>
</testsuite> <!-- com.playersRepo.securecalls.FakedRestAPI -->
