<?xml version="1.0" encoding="UTF-8"?>
<!-- Generated by org.testng.reporters.JUnitReportReporter -->
<testsuite hostname="DESKTOP-ESTB7O7" failures="0" tests="4" name="com.playersRepo.securecalls.TestGetCallOverPlayersRepo" time="2.936" errors="0" timestamp="2024-01-17T02:21:10 IST" skipped="0">
  <testcase classname="com.playersRepo.securecalls.TestGetCallOverPlayersRepo" name="validateJsonScheaUsingPojo" time="0.330"/>
  <system-out/>
  <testcase classname="com.playersRepo.securecalls.TestGetCallOverPlayersRepo" name="verifyThatResponseIsInJsonFormat" time="0.076"/>
  <system-out/>
  <testcase classname="com.playersRepo.securecalls.TestGetCallOverPlayersRepo" name="testGetAllPlayersProfile" time="0.050"/>
  <system-out/>
  <testcase classname="com.playersRepo.securecalls.TestGetCallOverPlayersRepo" name="getPlayerInfoByJerSeyNumber" time="2.480"/>
  <system-out/>
</testsuite> <!-- com.playersRepo.securecalls.TestGetCallOverPlayersRepo -->
